  ExceptionsAndTemplatesSource.cpp
C:\Users\jmlis\Documents\Sinclair C++ Software Development\Exceptions and Templates\ExceptionsAndTemplatesSource.cpp(18,33): error C2760: syntax error: '||' was unexpected here; expected 'expression'
C:\Users\jmlis\Documents\Sinclair C++ Software Development\Exceptions and Templates\ExceptionsAndTemplatesSource.cpp(18,33): error C3878: syntax error: unexpected token '||' following 'expression'
C:\Users\jmlis\Documents\Sinclair C++ Software Development\Exceptions and Templates\ExceptionsAndTemplatesSource.cpp(18,33): message : error recovery skipped: '|| typeid (  . . . identifier'
C:\Users\jmlis\Documents\Sinclair C++ Software Development\Exceptions and Templates\ExceptionsAndTemplatesSource.cpp(18,46): error C2760: syntax error: '.' was unexpected here; expected 'statement'
C:\Users\jmlis\Documents\Sinclair C++ Software Development\Exceptions and Templates\ExceptionsAndTemplatesSource.cpp(18,46): message : error recovery skipped: '.'
C:\Users\jmlis\Documents\Sinclair C++ Software Development\Exceptions and Templates\ExceptionsAndTemplatesSource.cpp(18,63): error C2760: syntax error: ')' was unexpected here; expected 'expression'
C:\Users\jmlis\Documents\Sinclair C++ Software Development\Exceptions and Templates\ExceptionsAndTemplatesSource.cpp(18,63): error C2760: syntax error: ')' was unexpected here; expected ';'
C:\Users\jmlis\Documents\Sinclair C++ Software Development\Exceptions and Templates\ExceptionsAndTemplatesSource.cpp(18,63): error C3878: syntax error: unexpected token ')' following 'expression_statement'
C:\Users\jmlis\Documents\Sinclair C++ Software Development\Exceptions and Templates\ExceptionsAndTemplatesSource.cpp(18,63): error C3878: syntax error: unexpected token ')' following 'statement'
C:\Users\jmlis\Documents\Sinclair C++ Software Development\Exceptions and Templates\ExceptionsAndTemplatesSource.cpp(18,63): error C3878: syntax error: unexpected token ')' following 'selection_statement'
C:\Users\jmlis\Documents\Sinclair C++ Software Development\Exceptions and Templates\ExceptionsAndTemplatesSource.cpp(18,63): message : error recovery skipped: ')'
C:\Users\jmlis\Documents\Sinclair C++ Software Development\Exceptions and Templates\ExceptionsAndTemplatesSource.cpp(21,2): error C3878: syntax error: unexpected token 'else' following 'statement_seq'
C:\Users\jmlis\Documents\Sinclair C++ Software Development\Exceptions and Templates\ExceptionsAndTemplatesSource.cpp(21,2): message : missing one of:  '}' ?
C:\Users\jmlis\Documents\Sinclair C++ Software Development\Exceptions and Templates\ExceptionsAndTemplatesSource.cpp(21,2): message : error recovery skipped: 'else if (  . . . ;'
C:\Users\jmlis\Documents\Sinclair C++ Software Development\Exceptions and Templates\ExceptionsAndTemplatesSource.cpp(24,2): message : parsing resumes here
C:\Users\jmlis\Documents\Sinclair C++ Software Development\Exceptions and Templates\ExceptionsAndTemplatesSource.cpp(64,20): error C4430: missing type specifier - int assumed. Note: C++ does not support default-int
C:\Users\jmlis\Documents\Sinclair C++ Software Development\Exceptions and Templates\ExceptionsAndTemplatesSource.cpp(67,3): error C2312: 'const std::invalid_argument &': is caught by 'const std::invalid_argument &' on line 61
